{
  "stats": {
    "suites": 1,
    "tests": 1,
    "passes": 1,
    "pending": 0,
    "failures": 0,
    "start": "2023-07-23T09:30:32.365Z",
    "end": "2023-07-23T09:30:42.068Z",
    "duration": 9703,
    "testsRegistered": 1,
    "passPercent": 100,
    "pendingPercent": 0,
    "other": 0,
    "hasOther": false,
    "skipped": 0,
    "hasSkipped": false
  },
  "results": [
    {
      "uuid": "c7464911-3da8-4bd8-b448-76d797af3bd9",
      "title": "",
      "fullFile": "cypress/e2e/google.cy.js",
      "file": "cypress/e2e/google.cy.js",
      "beforeHooks": [],
      "afterHooks": [],
      "tests": [],
      "suites": [
        {
          "uuid": "8363be1c-4094-4066-b3a7-21f529336725",
          "title": "google search",
          "fullFile": "",
          "file": "",
          "beforeHooks": [],
          "afterHooks": [],
          "tests": [
            {
              "title": "google1",
              "fullTitle": "google search google1",
              "timedOut": null,
              "duration": 7920,
              "state": "passed",
              "speed": "medium",
              "pass": true,
              "fail": false,
              "pending": false,
              "context": null,
              "code": "cy.visit('https://google.com.au');\ncy.get('[name=\"q\"]').type('jenkins cypress{enter}');\ncy.url().should('contain', 'jenkins');",
              "err": {},
              "uuid": "d48afd94-de8c-438a-b323-b36d57620fbc",
              "parentUUID": "8363be1c-4094-4066-b3a7-21f529336725",
              "isHook": false,
              "skipped": false
            }
          ],
          "suites": [],
          "passes": [
            "d48afd94-de8c-438a-b323-b36d57620fbc"
          ],
          "failures": [],
          "pending": [],
          "skipped": [],
          "duration": 7920,
          "root": false,
          "rootEmpty": false,
          "_timeout": 2000
        }
      ],
      "passes": [],
      "failures": [],
      "pending": [],
      "skipped": [],
      "duration": 0,
      "root": true,
      "rootEmpty": true,
      "_timeout": 2000
    }
  ],
  "meta": {
    "mocha": {
      "version": "7.0.1"
    },
    "mochawesome": {
      "options": {
        "quiet": false,
        "reportFilename": "mochawesome",
        "saveHtml": false,
        "saveJson": true,
        "consoleReporter": "spec",
        "useInlineDiffs": false,
        "code": true
      },
      "version": "7.1.3"
    },
    "marge": {
      "options": {
        "reportDir": "cypress/results",
        "overwrite": false,
        "html": false,
        "json": true
      },
      "version": "6.2.0"
    }
  }
}